
> portfolio-website@0.1.0 build
> next build

  Γû▓ Next.js 14.2.33

   Creating an optimized production build ...
node.exe :  ΓÜá Compiled with warnings
At line:1 char:1
+ & "C:\Program Files\nodejs/node.exe" "C:\Program Files\nodejs/node_mo ...
+ ~~~~~~~~~~~~~~~~~~~~~~~~~~~~~~~~~~~~~~~~~~~~~~~~~~~~~~~~~~~~~~~~~~~~~
    + CategoryInfo          : NotSpecified: ( ΓÜá Compiled with warnings:Strin 
   g) [], RemoteException
    + FullyQualifiedErrorId : NativeCommandError
 

./node_modules/react-animated-numbers/dist/index.js
Module not found: Can't resolve '@emotion/is-prop-valid' in 
'C:\Users\casta\Code\personal-website\node_modules\react-animated-numbers\dist'

Import trace for requested module:
./node_modules/react-animated-numbers/dist/index.js
./app/components/AchievementsSection.tsx

 ΓÜá Compiled with warnings

./node_modules/react-animated-numbers/dist/index.js
Module not found: Can't resolve '@emotion/is-prop-valid' in 
'C:\Users\casta\Code\personal-website\node_modules\react-animated-numbers\dist'

Import trace for requested module:
./node_modules/react-animated-numbers/dist/index.js
./app/components/AchievementsSection.tsx

 Γ£ô Compiled successfully
   Linting and checking validity of types ...
 Γ¿» ESLint: Converting circular structure to JSON     --> starting at object 
with constructor 'Object'     |     property 'configs' -> object with 
constructor 'Object'     |     property 'flat' -> object with constructor 
'Object'     |     ...     |     property 'plugins' -> object with constructor 
'Object'     --- property 'react' closes the circle Referenced from: 
C:\Users\casta\Code\personal-website\.eslintrc.json
   Collecting page data ...
   Generating static pages (0/5) ...
   Generating static pages (1/5) 
   Generating static pages (2/5) 
   Generating static pages (3/5) 
 Γ£ô Generating static pages (5/5)
   Finalizing page optimization ...
   Collecting build traces ...

Route (app)                              Size     First Load JS
Γöî Γùï /                                    57.5 kB         145 kB
Γöö Γùï /_not-found                          873 B          88.2 kB
+ First Load JS shared by all            87.3 kB
  Γö£ chunks/117-87deac1ec0670fec.js       31.7 kB
  Γö£ chunks/fd9d1056-65ecd954c0e1b7e9.js  53.6 kB
  Γöö other shared chunks (total)          1.93 kB


Γùï  (Static)  prerendered as static content

